INFO:root:Generating Reference Trajectory
INFO:root:Loop over the reference trajectory
INFO:root:plotting the evolution of the error over time
INFO:root:finished
INFO:root:Generating Reference Trajectory
INFO:root:saving the reference trajectory
INFO:root:Specifying all inputs
INFO:root:Generating Reference Trajectory
INFO:root:saving the reference trajectory
INFO:root:Specifying all inputs
INFO:root:Enter kp and ki
INFO:root:Loop over the reference trajectory
INFO:root:saving the animation file and the error list
INFO:root:plotting the evolution of the error over time
INFO:root:Generating Reference Trajectory
INFO:root:saving the reference trajectory
INFO:root:Specifying all inputs
INFO:root:Enter kp and ki
INFO:root:Generating Reference Trajectory
INFO:root:saving the reference trajectory
INFO:root:Specifying all inputs
INFO:root:Enter kp and ki
INFO:root:Loop over the reference trajectory
INFO:root:saving the animation file and the error list
INFO:root:plotting the evolution of the error over time
